<?xml version="1.0" encoding="UTF-8"?>
<!-- Generated by org.testng.reporters.JUnitReportReporter -->
<testsuite skipped="0" hostname="Shruti" name="com.testcases.OrangeDriverclass" tests="1" failures="0" timestamp="24 May 2017 04:23:04 GMT" time="4.711" errors="0">
  <testcase name="verifyLoginpage" time="4.711" classname="com.testcases.OrangeDriverclass"/>
</testsuite> <!-- com.testcases.OrangeDriverclass -->
