<?xml version="1.0" encoding="UTF-8"?>
<!-- Generated by org.testng.reporters.JUnitReportReporter -->
<testsuite skipped="0" hostname="Shruti" name="com.testcases.GoogleDriverclass" tests="1" failures="0" timestamp="24 May 2017 04:46:14 GMT" time="6.713" errors="0">
  <testcase name="verifyGooglesearch" time="6.713" classname="com.testcases.GoogleDriverclass"/>
</testsuite> <!-- com.testcases.GoogleDriverclass -->
